<?xml version="1.0" encoding="UTF-8"?>
<testsuites name="Test Suite POST" time="4.919" tests="2" failures="0" errors="0">
   <testsuite name="Test Suite POST" tests="2" failures="0" errors="0" time="4.919" skipped="0" timestamp="2023-01-25 21:22:40" hostname="User-PC - DESKTOP-NJ1DL4D" id="Test Suites/Test Suite POST">
      <properties>
         <property name="deviceName" value=""/>
         <property name="devicePlatform" value=""/>
         <property name="logFolder" value="C:\\Users\\User-PC\\git\\RestfulBooker-Automation\\Reports\\20230125_212236\\Test Suite POST\\20230125_212237"/>
         <property name="logFiles" value="C:\\Users\\User-PC\\git\\RestfulBooker-Automation\\Reports\\20230125_212236\\Test Suite POST\\20230125_212237\\execution0.log"/>
         <property name="attachments" value=""/>
         <property name="hostName" value="User-PC - DESKTOP-NJ1DL4D"/>
         <property name="hostAddress" value="192.168.1.2"/>
         <property name="os" value="Windows 10 64bit"/>
         <property name="katalonVersion" value="8.5.5.208"/>
      </properties>
      <testcase name="Test Cases/TC01 - Auth - Create Token" time="3.155" classname="Test Cases/TC01 - Auth - Create Token" status="PASSED">
         <system-out><![CDATA[2023-01-25 21:22:40 - [TEST_CASE][PASSED] - Test Cases/TC01 - Auth - Create Token: Test Cases/TC01 - Auth - Create Token

2023-01-25 21:22:41 - [TEST_STEP][PASSED] - sendRequest(findTestObject("API/Auth - CreateToken")): Send request successfully

2023-01-25 21:22:44 - [MESSAGE][INFO] - HAR: C:\Users\User-PC\git\RestfulBooker-Automation\Reports\20230125_212236\Test Suite POST\20230125_212237\requests\main\0.har

2023-01-25 21:22:44 - [MESSAGE][PASSED] - Send request successfully]]></system-out>
         <system-err><![CDATA[]]></system-err>
      </testcase>
      <testcase name="Test Cases/TC04 - Booking - CreateBooking" time="1.478" classname="Test Cases/TC04 - Booking - CreateBooking" status="PASSED">
         <system-out><![CDATA[2023-01-25 21:22:44 - [TEST_CASE][PASSED] - Test Cases/TC04 - Booking - CreateBooking: Test Cases/TC04 - Booking - CreateBooking

2023-01-25 21:22:44 - [TEST_STEP][PASSED] - sendRequest(findTestObject("API/Booking - CreateBooking")): Send request successfully

2023-01-25 21:22:45 - [MESSAGE][INFO] - HAR: C:\Users\User-PC\git\RestfulBooker-Automation\Reports\20230125_212236\Test Suite POST\20230125_212237\requests\main\1.har

2023-01-25 21:22:45 - [MESSAGE][PASSED] - Send request successfully]]></system-out>
         <system-err><![CDATA[]]></system-err>
      </testcase>
      <system-out><![CDATA[2023-01-25 21:22:40 - [TEST_SUITE][PASSED] - Test Suite POST: Test Cases/TC04 - Booking - CreateBooking]]></system-out>
      <system-err><![CDATA[]]></system-err>
   </testsuite>
</testsuites>
